# JRE version: Java(TM) SE Runtime Environment (7.0_40-b43) (build 1.7.0_40-b43)
# Java VM: Java HotSpot(TM) 64-Bit Server VM (24.0-b56 mixed mode windows-amd64 compressed oops)
Heap
 PSYoungGen      total 280064K, used 131738K [0x00000007abb00000, 0x00000007c8480000, 0x0000000800000000)
  eden space 260096K, 42% used [0x00000007abb00000,0x00000007b282e650,0x00000007bb900000)
  from space 19968K, 99% used [0x00000007bb900000,0x00000007bcc78490,0x00000007bcc80000)
  to   space 26112K, 0% used [0x00000007c6b00000,0x00000007c6b00000,0x00000007c8480000)
 ParOldGen       total 172544K, used 27185K [0x0000000703200000, 0x000000070da80000, 0x00000007abb00000)
  object space 172544K, 15% used [0x0000000703200000,0x0000000704c8c430,0x000000070da80000)
 PSPermGen       total 47616K, used 47290K [0x00000006fe000000, 0x0000000700e80000, 0x0000000703200000)
  object space 47616K, 99% used [0x00000006fe000000,0x0000000700e2e8a0,0x0000000700e80000)
GC Heap History (10 events):
Event: 6.721 GC heap before
{Heap before GC invocations=5 (full 0):
 PSYoungGen      total 75776K, used 75774K [0x00000007abb00000, 0x00000007b4f00000, 0x0000000800000000)
  eden space 65024K, 100% used [0x00000007abb00000,0x00000007afa80000,0x00000007afa80000)
  from space 10752K, 99% used [0x00000007b0500000,0x00000007b0f7faf0,0x00000007b0f80000)
  to   space 10752K, 0% used [0x00000007afa80000,0x00000007afa80000,0x00000007b0500000)
 ParOldGen       total 172544K, used 4244K [0x0000000703200000, 0x000000070da80000, 0x00000007abb00000)
  object space 172544K, 2% used [0x0000000703200000,0x0000000703625148,0x000000070da80000)
 PSPermGen       total 29184K, used 29003K [0x00000006fe000000, 0x00000006ffc80000, 0x0000000703200000)
  object space 29184K, 99% used [0x00000006fe000000,0x00000006ffc52c10,0x00000006ffc80000)
Event: 6.735 GC heap after
Heap after GC invocations=5 (full 0):
 PSYoungGen      total 75776K, used 10742K [0x00000007abb00000, 0x00000007b6400000, 0x0000000800000000)
  eden space 65024K, 0% used [0x00000007abb00000,0x00000007abb00000,0x00000007afa80000)
  from space 10752K, 99% used [0x00000007afa80000,0x00000007b04fdad0,0x00000007b0500000)
  to   space 21504K, 0% used [0x00000007b4f00000,0x00000007b4f00000,0x00000007b6400000)
 ParOldGen       total 172544K, used 12738K [0x0000000703200000, 0x000000070da80000, 0x00000007abb00000)
  object space 172544K, 7% used [0x0000000703200000,0x0000000703e70978,0x000000070da80000)
 PSPermGen       total 29184K, used 29003K [0x00000006fe000000, 0x00000006ffc80000, 0x0000000703200000)
  object space 29184K, 99% used [0x00000006fe000000,0x00000006ffc52c10,0x00000006ffc80000)
}
Event: 7.076 GC heap before
{Heap before GC invocations=6 (full 0):
 PSYoungGen      total 75776K, used 75766K [0x00000007abb00000, 0x00000007b6400000, 0x0000000800000000)
  eden space 65024K, 100% used [0x00000007abb00000,0x00000007afa80000,0x00000007afa80000)
  from space 10752K, 99% used [0x00000007afa80000,0x00000007b04fdad0,0x00000007b0500000)
  to   space 21504K, 0% used [0x00000007b4f00000,0x00000007b4f00000,0x00000007b6400000)
 ParOldGen       total 172544K, used 12738K [0x0000000703200000, 0x000000070da80000, 0x00000007abb00000)
  object space 172544K, 7% used [0x0000000703200000,0x0000000703e70978,0x000000070da80000)
 PSPermGen       total 31232K, used 30993K [0x00000006fe000000, 0x00000006ffe80000, 0x0000000703200000)
  object space 31232K, 99% used [0x00000006fe000000,0x00000006ffe444e8,0x00000006ffe80000)
Event: 7.088 GC heap after
Heap after GC invocations=6 (full 0):
 PSYoungGen      total 151552K, used 14030K [0x00000007abb00000, 0x00000007b6400000, 0x0000000800000000)
  eden space 130048K, 0% used [0x00000007abb00000,0x00000007abb00000,0x00000007b3a00000)
  from space 21504K, 65% used [0x00000007b4f00000,0x00000007b5cb3bf0,0x00000007b6400000)
  to   space 21504K, 0% used [0x00000007b3a00000,0x00000007b3a00000,0x00000007b4f00000)
 ParOldGen       total 172544K, used 12746K [0x0000000703200000, 0x000000070da80000, 0x00000007abb00000)
  object space 172544K, 7% used [0x0000000703200000,0x0000000703e72978,0x000000070da80000)
 PSPermGen       total 31232K, used 30993K [0x00000006fe000000, 0x00000006ffe80000, 0x0000000703200000)
  object space 31232K, 99% used [0x00000006fe000000,0x00000006ffe444e8,0x00000006ffe80000)
}
Event: 7.416 GC heap before
{Heap before GC invocations=7 (full 0):
 PSYoungGen      total 151552K, used 144078K [0x00000007abb00000, 0x00000007b6400000, 0x0000000800000000)
  eden space 130048K, 100% used [0x00000007abb00000,0x00000007b3a00000,0x00000007b3a00000)
  from space 21504K, 65% used [0x00000007b4f00000,0x00000007b5cb3bf0,0x00000007b6400000)
  to   space 21504K, 0% used [0x00000007b3a00000,0x00000007b3a00000,0x00000007b4f00000)
 ParOldGen       total 172544K, used 12746K [0x0000000703200000, 0x000000070da80000, 0x00000007abb00000)
  object space 172544K, 7% used [0x0000000703200000,0x0000000703e72978,0x000000070da80000)
 PSPermGen       total 31232K, used 31006K [0x00000006fe000000, 0x00000006ffe80000, 0x0000000703200000)
  object space 31232K, 99% used [0x00000006fe000000,0x00000006ffe47be8,0x00000006ffe80000)
Event: 7.427 GC heap after
Heap after GC invocations=7 (full 0):
 PSYoungGen      total 151552K, used 10816K [0x00000007abb00000, 0x00000007be100000, 0x0000000800000000)
  eden space 130048K, 0% used [0x00000007abb00000,0x00000007abb00000,0x00000007b3a00000)
  from space 21504K, 50% used [0x00000007b3a00000,0x00000007b4490020,0x00000007b4f00000)
  to   space 20480K, 0% used [0x00000007bcd00000,0x00000007bcd00000,0x00000007be100000)
 ParOldGen       total 172544K, used 15477K [0x0000000703200000, 0x000000070da80000, 0x00000007abb00000)
  object space 172544K, 8% used [0x0000000703200000,0x000000070411d5a8,0x000000070da80000)
 PSPermGen       total 31232K, used 31006K [0x00000006fe000000, 0x00000006ffe80000, 0x0000000703200000)
  object space 31232K, 99% used [0x00000006fe000000,0x00000006ffe47be8,0x00000006ffe80000)
}
Event: 7.757 GC heap before
{Heap before GC invocations=8 (full 0):
 PSYoungGen      total 151552K, used 140864K [0x00000007abb00000, 0x00000007be100000, 0x0000000800000000)
  eden space 130048K, 100% used [0x00000007abb00000,0x00000007b3a00000,0x00000007b3a00000)
  from space 21504K, 50% used [0x00000007b3a00000,0x00000007b4490020,0x00000007b4f00000)
  to   space 20480K, 0% used [0x00000007bcd00000,0x00000007bcd00000,0x00000007be100000)
 ParOldGen       total 172544K, used 15477K [0x0000000703200000, 0x000000070da80000, 0x00000007abb00000)
  object space 172544K, 8% used [0x0000000703200000,0x000000070411d5a8,0x000000070da80000)
 PSPermGen       total 31232K, used 31010K [0x00000006fe000000, 0x00000006ffe80000, 0x0000000703200000)
  object space 31232K, 99% used [0x00000006fe000000,0x00000006ffe48a30,0x00000006ffe80000)
Event: 7.765 GC heap after
Heap after GC invocations=8 (full 0):
 PSYoungGen      total 279552K, used 8832K [0x00000007abb00000, 0x00000007be000000, 0x0000000800000000)
  eden space 260096K, 0% used [0x00000007abb00000,0x00000007abb00000,0x00000007bb900000)
  from space 19456K, 45% used [0x00000007bcd00000,0x00000007bd5a0000,0x00000007be000000)
  to   space 19968K, 0% used [0x00000007bb900000,0x00000007bb900000,0x00000007bcc80000)
 ParOldGen       total 172544K, used 18473K [0x0000000703200000, 0x000000070da80000, 0x00000007abb00000)
  object space 172544K, 10% used [0x0000000703200000,0x000000070440a438,0x000000070da80000)
 PSPermGen       total 31232K, used 31010K [0x00000006fe000000, 0x00000006ffe80000, 0x0000000703200000)
  object space 31232K, 99% used [0x00000006fe000000,0x00000006ffe48a30,0x00000006ffe80000)
}
Event: 11.471 GC heap before
{Heap before GC invocations=9 (full 0):
 PSYoungGen      total 279552K, used 268928K [0x00000007abb00000, 0x00000007be000000, 0x0000000800000000)
  eden space 260096K, 100% used [0x00000007abb00000,0x00000007bb900000,0x00000007bb900000)
  from space 19456K, 45% used [0x00000007bcd00000,0x00000007bd5a0000,0x00000007be000000)
  to   space 19968K, 0% used [0x00000007bb900000,0x00000007bb900000,0x00000007bcc80000)
 ParOldGen       total 172544K, used 18473K [0x0000000703200000, 0x000000070da80000, 0x00000007abb00000)
  object space 172544K, 10% used [0x0000000703200000,0x000000070440a438,0x000000070da80000)
 PSPermGen       total 41984K, used 41872K [0x00000006fe000000, 0x0000000700900000, 0x0000000703200000)
  object space 41984K, 99% used [0x00000006fe000000,0x00000007008e4050,0x0000000700900000)
Event: 11.486 GC heap after
Heap after GC invocations=9 (full 0):
 PSYoungGen      total 280064K, used 19937K [0x00000007abb00000, 0x00000007c8480000, 0x0000000800000000)
  eden space 260096K, 0% used [0x00000007abb00000,0x00000007abb00000,0x00000007bb900000)
  from space 19968K, 99% used [0x00000007bb900000,0x00000007bcc78490,0x00000007bcc80000)
  to   space 26112K, 0% used [0x00000007c6b00000,0x00000007c6b00000,0x00000007c8480000)
 ParOldGen       total 172544K, used 27185K [0x0000000703200000, 0x000000070da80000, 0x00000007abb00000)
  object space 172544K, 15% used [0x0000000703200000,0x0000000704c8c430,0x000000070da80000)
 PSPermGen       total 41984K, used 41872K [0x00000006fe000000, 0x0000000700900000, 0x0000000703200000)
  object space 41984K, 99% used [0x00000006fe000000,0x00000007008e4050,0x0000000700900000)
}

