# JRE version: Java(TM) SE Runtime Environment (7.0_40-b43) (build 1.7.0_40-b43)
# Java VM: Java HotSpot(TM) 64-Bit Server VM (24.0-b56 mixed mode windows-amd64 compressed oops)
Heap
 PSYoungGen      total 464384K, used 366461K [0x00000007abb00000, 0x00000007ccf00000, 0x0000000800000000)
  eden space 447488K, 78% used [0x00000007abb00000,0x00000007c10c1e20,0x00000007c7000000)
  from space 16896K, 97% used [0x00000007c8980000,0x00000007c999d930,0x00000007c9a00000)
  to   space 45056K, 0% used [0x00000007ca300000,0x00000007ca300000,0x00000007ccf00000)
 ParOldGen       total 172544K, used 65386K [0x0000000703200000, 0x000000070da80000, 0x00000007abb00000)
  object space 172544K, 37% used [0x0000000703200000,0x00000007071da960,0x000000070da80000)
 PSPermGen       total 48640K, used 48573K [0x00000006fe000000, 0x0000000700f80000, 0x0000000703200000)
  object space 48640K, 99% used [0x00000006fe000000,0x0000000700f6f640,0x0000000700f80000)
GC Heap History (10 events):
Event: 6.051 GC heap before
{Heap before GC invocations=5 (full 0):
 PSYoungGen      total 270848K, used 270825K [0x00000007abb00000, 0x00000007bce00000, 0x0000000800000000)
  eden space 260096K, 100% used [0x00000007abb00000,0x00000007bb900000,0x00000007bb900000)
  from space 10752K, 99% used [0x00000007bc380000,0x00000007bcdfa578,0x00000007bce00000)
  to   space 10752K, 0% used [0x00000007bb900000,0x00000007bb900000,0x00000007bc380000)
 ParOldGen       total 172544K, used 19648K [0x0000000703200000, 0x000000070da80000, 0x00000007abb00000)
  object space 172544K, 11% used [0x0000000703200000,0x0000000704530358,0x000000070da80000)
 PSPermGen       total 31232K, used 31044K [0x00000006fe000000, 0x00000006ffe80000, 0x0000000703200000)
  object space 31232K, 99% used [0x00000006fe000000,0x00000006ffe511b0,0x00000006ffe80000)
Event: 6.060 GC heap after
Heap after GC invocations=5 (full 0):
 PSYoungGen      total 270848K, used 10745K [0x00000007abb00000, 0x00000007ce600000, 0x0000000800000000)
  eden space 260096K, 0% used [0x00000007abb00000,0x00000007abb00000,0x00000007bb900000)
  from space 10752K, 99% used [0x00000007bb900000,0x00000007bc37e578,0x00000007bc380000)
  to   space 24064K, 0% used [0x00000007cce80000,0x00000007cce80000,0x00000007ce600000)
 ParOldGen       total 172544K, used 21568K [0x0000000703200000, 0x000000070da80000, 0x00000007abb00000)
  object space 172544K, 12% used [0x0000000703200000,0x0000000704710358,0x000000070da80000)
 PSPermGen       total 31232K, used 31044K [0x00000006fe000000, 0x00000006ffe80000, 0x0000000703200000)
  object space 31232K, 99% used [0x00000006fe000000,0x00000006ffe511b0,0x00000006ffe80000)
}
Event: 8.700 GC heap before
{Heap before GC invocations=6 (full 0):
 PSYoungGen      total 270848K, used 270841K [0x00000007abb00000, 0x00000007ce600000, 0x0000000800000000)
  eden space 260096K, 100% used [0x00000007abb00000,0x00000007bb900000,0x00000007bb900000)
  from space 10752K, 99% used [0x00000007bb900000,0x00000007bc37e578,0x00000007bc380000)
  to   space 24064K, 0% used [0x00000007cce80000,0x00000007cce80000,0x00000007ce600000)
 ParOldGen       total 172544K, used 21568K [0x0000000703200000, 0x000000070da80000, 0x00000007abb00000)
  object space 172544K, 12% used [0x0000000703200000,0x0000000704710358,0x000000070da80000)
 PSPermGen       total 41984K, used 41939K [0x00000006fe000000, 0x0000000700900000, 0x0000000703200000)
  object space 41984K, 99% used [0x00000006fe000000,0x00000007008f4d80,0x0000000700900000)
Event: 8.718 GC heap after
Heap after GC invocations=6 (full 0):
 PSYoungGen      total 536064K, used 24043K [0x00000007abb00000, 0x00000007cf600000, 0x0000000800000000)
  eden space 512000K, 0% used [0x00000007abb00000,0x00000007abb00000,0x00000007caf00000)
  from space 24064K, 99% used [0x00000007cce80000,0x00000007ce5fae18,0x00000007ce600000)
  to   space 32256K, 0% used [0x00000007caf00000,0x00000007caf00000,0x00000007cce80000)
 ParOldGen       total 172544K, used 28419K [0x0000000703200000, 0x000000070da80000, 0x00000007abb00000)
  object space 172544K, 16% used [0x0000000703200000,0x0000000704dc0eb8,0x000000070da80000)
 PSPermGen       total 41984K, used 41939K [0x00000006fe000000, 0x0000000700900000, 0x0000000703200000)
  object space 41984K, 99% used [0x00000006fe000000,0x00000007008f4d80,0x0000000700900000)
}
Event: 344.004 GC heap before
{Heap before GC invocations=7 (full 0):
 PSYoungGen      total 536064K, used 536043K [0x00000007abb00000, 0x00000007cf600000, 0x0000000800000000)
  eden space 512000K, 100% used [0x00000007abb00000,0x00000007caf00000,0x00000007caf00000)
  from space 24064K, 99% used [0x00000007cce80000,0x00000007ce5fae18,0x00000007ce600000)
  to   space 32256K, 0% used [0x00000007caf00000,0x00000007caf00000,0x00000007cce80000)
 ParOldGen       total 172544K, used 28419K [0x0000000703200000, 0x000000070da80000, 0x00000007abb00000)
  object space 172544K, 16% used [0x0000000703200000,0x0000000704dc0eb8,0x000000070da80000)
 PSPermGen       total 48640K, used 48435K [0x00000006fe000000, 0x0000000700f80000, 0x0000000703200000)
  object space 48640K, 99% used [0x00000006fe000000,0x0000000700f4cfa8,0x0000000700f80000)
Event: 344.027 GC heap after
Heap after GC invocations=7 (full 0):
 PSYoungGen      total 521728K, used 32229K [0x00000007abb00000, 0x00000007cfa00000, 0x0000000800000000)
  eden space 489472K, 0% used [0x00000007abb00000,0x00000007abb00000,0x00000007c9900000)
  from space 32256K, 99% used [0x00000007caf00000,0x00000007cce79710,0x00000007cce80000)
  to   space 44544K, 0% used [0x00000007cce80000,0x00000007cce80000,0x00000007cfa00000)
 ParOldGen       total 172544K, used 50674K [0x0000000703200000, 0x000000070da80000, 0x00000007abb00000)
  object space 172544K, 29% used [0x0000000703200000,0x000000070637c8b0,0x000000070da80000)
 PSPermGen       total 48640K, used 48435K [0x00000006fe000000, 0x0000000700f80000, 0x0000000703200000)
  object space 48640K, 99% used [0x00000006fe000000,0x0000000700f4cfa8,0x0000000700f80000)
}
Event: 478.498 GC heap before
{Heap before GC invocations=8 (full 0):
 PSYoungGen      total 521728K, used 521701K [0x00000007abb00000, 0x00000007cfa00000, 0x0000000800000000)
  eden space 489472K, 100% used [0x00000007abb00000,0x00000007c9900000,0x00000007c9900000)
  from space 32256K, 99% used [0x00000007caf00000,0x00000007cce79710,0x00000007cce80000)
  to   space 44544K, 0% used [0x00000007cce80000,0x00000007cce80000,0x00000007cfa00000)
 ParOldGen       total 172544K, used 50674K [0x0000000703200000, 0x000000070da80000, 0x00000007abb00000)
  object space 172544K, 29% used [0x0000000703200000,0x000000070637c8b0,0x000000070da80000)
 PSPermGen       total 48640K, used 48498K [0x00000006fe000000, 0x0000000700f80000, 0x0000000703200000)
  object space 48640K, 99% used [0x00000006fe000000,0x0000000700f5cb70,0x0000000700f80000)
Event: 478.515 GC heap after
Heap after GC invocations=8 (full 0):
 PSYoungGen      total 491520K, used 23526K [0x00000007abb00000, 0x00000007ce580000, 0x0000000800000000)
  eden space 467968K, 0% used [0x00000007abb00000,0x00000007abb00000,0x00000007c8400000)
  from space 23552K, 99% used [0x00000007cce80000,0x00000007ce579a70,0x00000007ce580000)
  to   space 47104K, 0% used [0x00000007c8980000,0x00000007c8980000,0x00000007cb780000)
 ParOldGen       total 172544K, used 57912K [0x0000000703200000, 0x000000070da80000, 0x00000007abb00000)
  object space 172544K, 33% used [0x0000000703200000,0x0000000706a8e3a0,0x000000070da80000)
 PSPermGen       total 48640K, used 48498K [0x00000006fe000000, 0x0000000700f80000, 0x0000000703200000)
  object space 48640K, 99% used [0x00000006fe000000,0x0000000700f5cb70,0x0000000700f80000)
}
Event: 522.759 GC heap before
{Heap before GC invocations=9 (full 0):
 PSYoungGen      total 491520K, used 491494K [0x00000007abb00000, 0x00000007ce580000, 0x0000000800000000)
  eden space 467968K, 100% used [0x00000007abb00000,0x00000007c8400000,0x00000007c8400000)
  from space 23552K, 99% used [0x00000007cce80000,0x00000007ce579a70,0x00000007ce580000)
  to   space 47104K, 0% used [0x00000007c8980000,0x00000007c8980000,0x00000007cb780000)
 ParOldGen       total 172544K, used 57912K [0x0000000703200000, 0x000000070da80000, 0x00000007abb00000)
  object space 172544K, 33% used [0x0000000703200000,0x0000000706a8e3a0,0x000000070da80000)
 PSPermGen       total 48640K, used 48520K [0x00000006fe000000, 0x0000000700f80000, 0x0000000703200000)
  object space 48640K, 99% used [0x00000006fe000000,0x0000000700f62180,0x0000000700f80000)
Event: 522.773 GC heap after
Heap after GC invocations=9 (full 0):
 PSYoungGen      total 464384K, used 16502K [0x00000007abb00000, 0x00000007ccf00000, 0x0000000800000000)
  eden space 447488K, 0% used [0x00000007abb00000,0x00000007abb00000,0x00000007c7000000)
  from space 16896K, 97% used [0x00000007c8980000,0x00000007c999d930,0x00000007c9a00000)
  to   space 45056K, 0% used [0x00000007ca300000,0x00000007ca300000,0x00000007ccf00000)
 ParOldGen       total 172544K, used 65386K [0x0000000703200000, 0x000000070da80000, 0x00000007abb00000)
  object space 172544K, 37% used [0x0000000703200000,0x00000007071da960,0x000000070da80000)
 PSPermGen       total 48640K, used 48520K [0x00000006fe000000, 0x0000000700f80000, 0x0000000703200000)
  object space 48640K, 99% used [0x00000006fe000000,0x0000000700f62180,0x0000000700f80000)
}

